<?xml version="1.0" encoding="UTF-8"?>
<!-- Generated by org.testng.reporters.JUnitReportReporter -->
<testsuite hostname="LAPTOP-QNM51RMD" failures="0" tests="4" name="testCases.TC01_ContactPageFieldsValidation" time="61.742" errors="0" timestamp="2021-09-03T05:12:06 NZST" skipped="0">
  <testcase classname="testCases.TC01_ContactPageFieldsValidation" name="TC01" time="6.162"/>
  <system-out/>
  <testcase classname="testCases.TC01_ContactPageFieldsValidation" name="TC02" time="41.404"/>
  <system-out/>
  <testcase classname="testCases.TC01_ContactPageFieldsValidation" name="TC03" time="7.761"/>
  <system-out/>
  <testcase classname="testCases.TC01_ContactPageFieldsValidation" name="TC04" time="6.415"/>
  <system-out/>
</testsuite> <!-- testCases.TC01_ContactPageFieldsValidation -->
