<?xml version="1.0" encoding="UTF-8"?>
<!-- Generated by org.testng.reporters.JUnitReportReporter -->
<testsuite hostname="LAPTOP-QNM51RMD" failures="0" tests="4" name="testCases.PlanIt_Jupiter_Toys_Testing" time="43.050" errors="0" timestamp="2021-09-03T10:55:18 NZST" skipped="0">
  <testcase classname="testCases.PlanIt_Jupiter_Toys_Testing" name="TC01_ContactPageFieldsValidation" time="7.617"/>
  <system-out/>
  <testcase classname="testCases.PlanIt_Jupiter_Toys_Testing" name="TC02_ContactPageSubmission" time="22.442"/>
  <system-out/>
  <testcase classname="testCases.PlanIt_Jupiter_Toys_Testing" name="TC03_CartPageItemTableValidation" time="6.268"/>
  <system-out/>
  <testcase classname="testCases.PlanIt_Jupiter_Toys_Testing" name="TC04_CartPageItemPriceTableValidation" time="6.723"/>
  <system-out/>
</testsuite> <!-- testCases.PlanIt_Jupiter_Toys_Testing -->
