<?xml version="1.0" encoding="UTF-8"?>
<!-- Generated by org.testng.reporters.JUnitReportReporter -->
<testsuite hostname="MSI" failures="0" tests="3" name="testCases.PlanIt_CodeChallenge_JupiterToys" time="53.508" errors="0" timestamp="2023-02-19T17:53:18 AEDT" skipped="0">
  <testcase classname="testCases.PlanIt_CodeChallenge_JupiterToys" name="TC1_ContactPageMandatoryFieldsValidation" time="7.636"/>
  <system-out/>
  <testcase classname="testCases.PlanIt_CodeChallenge_JupiterToys" name="TC2_ContactPageSubmitFeedbackValidation" time="37.898"/>
  <system-out/>
  <testcase classname="testCases.PlanIt_CodeChallenge_JupiterToys" name="TC3_CartPagePurchaseValidation" time="7.974"/>
  <system-out/>
</testsuite> <!-- testCases.PlanIt_CodeChallenge_JupiterToys -->
